<?xml version="1.0" encoding="UTF-8"?>
<!-- Generated by org.testng.reporters.JUnitXMLReporter -->
<testsuite hostname="Arina-PC" ignored="0" name="Default test" tests="4" failures="0" timestamp="22 Aug 2018 18:06:52 GMT" time="217.651" errors="0">
  <testcase name="launch" time="25.225" classname="com.flipkart.BNPLpackage.Abc"/>
  <testcase name="launch" time="31.87" classname="com.flipkart.BNPLpackage.Abc"/>
  <testcase name="launch" time="128.89" classname="com.flipkart.BNPLpackage.Abc"/>
  <testcase name="launch" time="30.977" classname="com.flipkart.BNPLpackage.Abc"/>
</testsuite> <!-- Default test -->
