<?xml version="1.0" encoding="UTF-8"?>
<!-- Generated by org.testng.reporters.JUnitXMLReporter -->
<testsuite hostname="Arina-PC" ignored="0" name="Test01" tests="3" failures="0" timestamp="22 Aug 2018 18:21:01 GMT" time="45.453" errors="0">
  <testcase name="unameTest" time="16.859" classname="com.flipkart.BNPLpackage.Gmail"/>
  <testcase name="unameTest" time="14.976" classname="com.flipkart.BNPLpackage.Gmail"/>
  <testcase name="unameTest" time="12.952" classname="com.flipkart.BNPLpackage.Gmail"/>
</testsuite> <!-- Test01 -->
