<?xml version="1.0" encoding="UTF-8"?>
<!-- Generated by org.testng.reporters.JUnitXMLReporter -->
<testsuite hostname="Arina-PC" ignored="0" name="Test02" tests="4" failures="0" timestamp="22 Aug 2018 18:21:31 GMT" time="75.78" errors="0">
  <testcase name="launch" time="21.234" classname="com.flipkart.BNPLpackage.Abc"/>
  <testcase name="launch" time="18.935" classname="com.flipkart.BNPLpackage.Abc"/>
  <testcase name="launch" time="17.504" classname="com.flipkart.BNPLpackage.Abc"/>
  <testcase name="launch" time="17.457" classname="com.flipkart.BNPLpackage.Abc"/>
</testsuite> <!-- Test02 -->
