<?xml version="1.0" encoding="UTF-8"?>
<!-- Generated by org.testng.reporters.JUnitXMLReporter -->
<testsuite hostname="Arina-PC" ignored="0" name="Test01" tests="4" failures="0" timestamp="22 Aug 2018 18:09:05 GMT" time="42.592" errors="0">
  <testcase name="unameTest" time="9.963" classname="com.flipkart.BNPLpackage.Gmail"/>
  <testcase name="unameTest" time="10.313" classname="com.flipkart.BNPLpackage.Gmail"/>
  <testcase name="unameTest" time="9.048" classname="com.flipkart.BNPLpackage.Gmail"/>
  <testcase name="unameTest" time="12.646" classname="com.flipkart.BNPLpackage.Gmail"/>
</testsuite> <!-- Test01 -->
