<?xml version="1.0" encoding="UTF-8"?>
<testng-results skipped="0" failed="0" ignored="0" total="4" passed="4">
  <reporter-output>
  </reporter-output>
  <suite name="Suite" duration-ms="42592" started-at="2018-08-22T18:08:22Z" finished-at="2018-08-22T18:09:05Z">
    <groups>
    </groups>
    <test name="Test01" duration-ms="42592" started-at="2018-08-22T18:08:22Z" finished-at="2018-08-22T18:09:05Z">
      <class name="com.flipkart.BNPLpackage.Gmail">
        <test-method status="PASS" signature="unameTest(java.lang.String)[pri:0, instance:com.flipkart.BNPLpackage.Gmail@1a03464]" name="unameTest" duration-ms="9963" started-at="2018-08-22T18:08:23Z" data-provider="uname" finished-at="2018-08-22T18:08:33Z">
          <params>
            <param index="0">
              <value>
                <![CDATA[redmi 4]]>
              </value>
            </param>
          </params>
          <reporter-output>
          </reporter-output>
        </test-method> <!-- unameTest -->
        <test-method status="PASS" signature="unameTest(java.lang.String)[pri:0, instance:com.flipkart.BNPLpackage.Gmail@1a03464]" name="unameTest" duration-ms="10313" started-at="2018-08-22T18:08:33Z" data-provider="uname" finished-at="2018-08-22T18:08:43Z">
          <params>
            <param index="0">
              <value>
                <![CDATA[samsung]]>
              </value>
            </param>
          </params>
          <reporter-output>
          </reporter-output>
        </test-method> <!-- unameTest -->
        <test-method status="PASS" signature="unameTest(java.lang.String)[pri:0, instance:com.flipkart.BNPLpackage.Gmail@1a03464]" name="unameTest" duration-ms="9048" started-at="2018-08-22T18:08:43Z" data-provider="uname" finished-at="2018-08-22T18:08:52Z">
          <params>
            <param index="0">
              <value>
                <![CDATA[motorolla]]>
              </value>
            </param>
          </params>
          <reporter-output>
          </reporter-output>
        </test-method> <!-- unameTest -->
        <test-method status="PASS" signature="unameTest(java.lang.String)[pri:0, instance:com.flipkart.BNPLpackage.Gmail@1a03464]" name="unameTest" duration-ms="12646" started-at="2018-08-22T18:08:52Z" data-provider="uname" finished-at="2018-08-22T18:09:05Z">
          <params>
            <param index="0">
              <value>
                <![CDATA[one plus]]>
              </value>
            </param>
          </params>
          <reporter-output>
          </reporter-output>
        </test-method> <!-- unameTest -->
      </class> <!-- com.flipkart.BNPLpackage.Gmail -->
    </test> <!-- Test01 -->
  </suite> <!-- Suite -->
</testng-results>
