<?xml version="1.0" encoding="UTF-8"?>
<testng-results skipped="0" failed="0" ignored="0" total="2" passed="2">
  <reporter-output>
  </reporter-output>
  <suite name="Default suite" duration-ms="24632" started-at="2018-08-20T17:11:32Z" finished-at="2018-08-20T17:11:57Z">
    <groups>
    </groups>
    <test name="Default test" duration-ms="24632" started-at="2018-08-20T17:11:32Z" finished-at="2018-08-20T17:11:57Z">
      <class name="com.flipkart.BNPLpackage.Abc">
        <test-method status="PASS" signature="launch()[pri:0, instance:com.flipkart.BNPLpackage.Abc@3bd550]" name="launch" is-config="true" duration-ms="11024" started-at="2018-08-20T17:11:32Z" finished-at="2018-08-20T17:11:43Z">
          <reporter-output>
          </reporter-output>
        </test-method> <!-- launch -->
        <test-method status="PASS" signature="login(java.lang.String, java.lang.String)[pri:0, instance:com.flipkart.BNPLpackage.Abc@3bd550]" name="login" duration-ms="5746" started-at="2018-08-20T17:11:43Z" finished-at="2018-08-20T17:11:49Z">
          <params>
            <param index="0">
              <value>
                <![CDATA[7978049852]]>
              </value>
            </param>
            <param index="1">
              <value>
                <![CDATA[monty4171]]>
              </value>
            </param>
          </params>
          <reporter-output>
          </reporter-output>
        </test-method> <!-- login -->
        <test-method status="PASS" signature="search()[pri:0, instance:com.flipkart.BNPLpackage.Abc@3bd550]" name="search" duration-ms="5519" started-at="2018-08-20T17:11:49Z" finished-at="2018-08-20T17:11:55Z">
          <reporter-output>
          </reporter-output>
        </test-method> <!-- search -->
        <test-method status="PASS" signature="close()[pri:0, instance:com.flipkart.BNPLpackage.Abc@3bd550]" name="close" is-config="true" duration-ms="2317" started-at="2018-08-20T17:11:55Z" finished-at="2018-08-20T17:11:57Z">
          <reporter-output>
          </reporter-output>
        </test-method> <!-- close -->
      </class> <!-- com.flipkart.BNPLpackage.Abc -->
    </test> <!-- Default test -->
  </suite> <!-- Default suite -->
</testng-results>
